<?xml version="1.0" encoding="UTF-8"?>
<!-- Generated by org.testng.reporters.JUnitXMLReporter -->
<testsuite ignored="0" hostname="QT-INBG-LT0520" failures="1" tests="3" name="Test" time="14.339" errors="0" timestamp="2022-03-17T18:26:54 IST">
  <testcase classname="test.Amazon" name="LandingPage" time="0.008"/>
  <testcase classname="test.Amazon" name="Search" time="2.085">
    <failure type="org.openqa.selenium.ElementClickInterceptedException" message="element click intercepted: Element &amp;lt;a href=&amp;quot;javascript: void(0)&amp;quot; id=&amp;quot;nav-hamburger-menu&amp;quot; role=&amp;quot;button&amp;quot; aria-label=&amp;quot;Open Menu&amp;quot; data-csa-c-type=&amp;quot;widget&amp;quot; data-csa-c-slot-id=&amp;quot;HamburgerMenuDesktop&amp;quot; data-csa-c-interaction-events=&amp;quot;click&amp;quot; data-csa-c-id=&amp;quot;calv62-josf25-dedbqv-bphxl4&amp;quot;&amp;gt;...&amp;lt;/a&amp;gt; is not clickable at point (39, 79). Other element would receive the click: &amp;lt;div class=&amp;quot;hmenu-item hmenu-title &amp;quot;&amp;gt;...&amp;lt;/div&amp;gt;
  (Session info: chrome=99.0.4844.51)
Build info: version: &amp;apos;4.1.2&amp;apos;, revision: &amp;apos;9a5a329c5a&amp;apos;
System info: host: &amp;apos;QT-INBG-LT0520&amp;apos;, ip: &amp;apos;192.168.1.12&amp;apos;, os.name: &amp;apos;Windows 10&amp;apos;, os.arch: &amp;apos;amd64&amp;apos;, os.version: &amp;apos;10.0&amp;apos;, java.version: &amp;apos;17.0.1&amp;apos;
Driver info: org.openqa.selenium.chrome.ChromeDriver
Command: [ef7c7020a26f72c0c3cdc6c7d59846d2, clickElement {id=92cdd2e0-2b97-484d-9565-39cd9a413de3}]
Capabilities {acceptInsecureCerts: false, browserName: chrome, browserVersion: 99.0.4844.51, chrome: {chromedriverVersion: 99.0.4844.51 (d537ec02474b5..., userDataDir: C:\Users\AMAN~1.MAG\AppData...}, goog:chromeOptions: {debuggerAddress: localhost:53288}, javascriptEnabled: true, networkConnectionEnabled: false, pageLoadStrategy: normal, platform: WINDOWS, platformName: WINDOWS, proxy: Proxy(), se:cdp: ws://localhost:53288/devtoo..., se:cdpVersion: 99.0.4844.51, setWindowRect: true, strictFileInteractability: false, timeouts: {implicit: 0, pageLoad: 300000, script: 30000}, unhandledPromptBehavior: dismiss and notify, webauthn:extension:credBlob: true, webauthn:extension:largeBlob: true, webauthn:virtualAuthenticators: true}
Element: [[ChromeDriver: chrome on WINDOWS (ef7c7020a26f72c0c3cdc6c7d59846d2)] -&amp;gt; id: nav-hamburger-menu]
Session ID: ef7c7020a26f72c0c3cdc6c7d59846d2">
      <![CDATA[org.openqa.selenium.ElementClickInterceptedException: element click intercepted: Element <a href="javascript: void(0)" id="nav-hamburger-menu" role="button" aria-label="Open Menu" data-csa-c-type="widget" data-csa-c-slot-id="HamburgerMenuDesktop" data-csa-c-interaction-events="click" data-csa-c-id="calv62-josf25-dedbqv-bphxl4">...</a> is not clickable at point (39, 79). Other element would receive the click: <div class="hmenu-item hmenu-title ">...</div>
  (Session info: chrome=99.0.4844.51)
Build info: version: '4.1.2', revision: '9a5a329c5a'
System info: host: 'QT-INBG-LT0520', ip: '192.168.1.12', os.name: 'Windows 10', os.arch: 'amd64', os.version: '10.0', java.version: '17.0.1'
Driver info: org.openqa.selenium.chrome.ChromeDriver
Command: [ef7c7020a26f72c0c3cdc6c7d59846d2, clickElement {id=92cdd2e0-2b97-484d-9565-39cd9a413de3}]
Capabilities {acceptInsecureCerts: false, browserName: chrome, browserVersion: 99.0.4844.51, chrome: {chromedriverVersion: 99.0.4844.51 (d537ec02474b5..., userDataDir: C:\Users\AMAN~1.MAG\AppData...}, goog:chromeOptions: {debuggerAddress: localhost:53288}, javascriptEnabled: true, networkConnectionEnabled: false, pageLoadStrategy: normal, platform: WINDOWS, platformName: WINDOWS, proxy: Proxy(), se:cdp: ws://localhost:53288/devtoo..., se:cdpVersion: 99.0.4844.51, setWindowRect: true, strictFileInteractability: false, timeouts: {implicit: 0, pageLoad: 300000, script: 30000}, unhandledPromptBehavior: dismiss and notify, webauthn:extension:credBlob: true, webauthn:extension:largeBlob: true, webauthn:virtualAuthenticators: true}
Element: [[ChromeDriver: chrome on WINDOWS (ef7c7020a26f72c0c3cdc6c7d59846d2)] -> id: nav-hamburger-menu]
Session ID: ef7c7020a26f72c0c3cdc6c7d59846d2
at org.openqa.selenium.remote.codec.w3c.W3CHttpResponseCodec.createException(W3CHttpResponseCodec.java:200)
at org.openqa.selenium.remote.codec.w3c.W3CHttpResponseCodec.decode(W3CHttpResponseCodec.java:133)
at org.openqa.selenium.remote.codec.w3c.W3CHttpResponseCodec.decode(W3CHttpResponseCodec.java:53)
at org.openqa.selenium.remote.HttpCommandExecutor.execute(HttpCommandExecutor.java:184)
at org.openqa.selenium.remote.service.DriverCommandExecutor.invokeExecute(DriverCommandExecutor.java:167)
at org.openqa.selenium.remote.service.DriverCommandExecutor.execute(DriverCommandExecutor.java:142)
at org.openqa.selenium.remote.RemoteWebDriver.execute(RemoteWebDriver.java:558)
at org.openqa.selenium.remote.RemoteWebElement.execute(RemoteWebElement.java:251)
at org.openqa.selenium.remote.RemoteWebElement.click(RemoteWebElement.java:77)
at test.Amazon.Search(Amazon.java:44)
at java.base/java.util.concurrent.ThreadPoolExecutor.runWorker(ThreadPoolExecutor.java:1136)
at java.base/java.util.concurrent.ThreadPoolExecutor$Worker.run(ThreadPoolExecutor.java:635)
at java.base/java.lang.Thread.run(Thread.java:833)
... Removed 17 stack frames]]>
    </failure>
  </testcase> <!-- Search -->
  <testcase classname="test.Amazon" name="PrimeMenu" time="8.86"/>
</testsuite> <!-- Test -->
